<?xml version="1.0" encoding="UTF-8"?>
<testsuite xmlns:xsi="http://www.w3.org/2001/XMLSchema-instance" xsi:noNamespaceSchemaLocation="https://maven.apache.org/surefire/maven-surefire-plugin/xsd/surefire-test-report-3.0.xsd" version="3.0" name="TestSuite" time="60.107" tests="15" errors="0" skipped="0" failures="0">
  <properties>
    <property name="java.specification.version" value="21"/>
    <property name="sun.cpu.isalist" value="amd64"/>
    <property name="sun.jnu.encoding" value="Cp1252"/>
    <property name="java.class.path" value="C:\Users\SCRIPTBEES\git\CucumberNew\CucumberNew\target\test-classes;C:\Users\SCRIPTBEES\git\CucumberNew\CucumberNew\target\classes;C:\Users\SCRIPTBEES\.m2\repository\io\cucumber\cucumber-java\7.20.1\cucumber-java-7.20.1.jar;C:\Users\SCRIPTBEES\.m2\repository\io\cucumber\cucumber-core\7.20.1\cucumber-core-7.20.1.jar;C:\Users\SCRIPTBEES\.m2\repository\io\cucumber\cucumber-gherkin\7.20.1\cucumber-gherkin-7.20.1.jar;C:\Users\SCRIPTBEES\.m2\repository\io\cucumber\cucumber-gherkin-messages\7.20.1\cucumber-gherkin-messages-7.20.1.jar;C:\Users\SCRIPTBEES\.m2\repository\io\cucumber\gherkin\28.0.0\gherkin-28.0.0.jar;C:\Users\SCRIPTBEES\.m2\repository\io\cucumber\messages\24.1.0\messages-24.1.0.jar;C:\Users\SCRIPTBEES\.m2\repository\io\cucumber\testng-xml-formatter\0.2.0\testng-xml-formatter-0.2.0.jar;C:\Users\SCRIPTBEES\.m2\repository\io\cucumber\query\12.2.0\query-12.2.0.jar;C:\Users\SCRIPTBEES\.m2\repository\io\cucumber\tag-expressions\6.1.0\tag-expressions-6.1.0.jar;C:\Users\SCRIPTBEES\.m2\repository\io\cucumber\cucumber-expressions\17.1.0\cucumber-expressions-17.1.0.jar;C:\Users\SCRIPTBEES\.m2\repository\io\cucumber\datatable\7.20.1\datatable-7.20.1.jar;C:\Users\SCRIPTBEES\.m2\repository\io\cucumber\cucumber-plugin\7.20.1\cucumber-plugin-7.20.1.jar;C:\Users\SCRIPTBEES\.m2\repository\io\cucumber\docstring\7.20.1\docstring-7.20.1.jar;C:\Users\SCRIPTBEES\.m2\repository\io\cucumber\html-formatter\21.7.0\html-formatter-21.7.0.jar;C:\Users\SCRIPTBEES\.m2\repository\io\cucumber\junit-xml-formatter\0.5.0\junit-xml-formatter-0.5.0.jar;C:\Users\SCRIPTBEES\.m2\repository\io\cucumber\ci-environment\10.0.1\ci-environment-10.0.1.jar;C:\Users\SCRIPTBEES\.m2\repository\org\apiguardian\apiguardian-api\1.1.2\apiguardian-api-1.1.2.jar;C:\Users\SCRIPTBEES\.m2\repository\org\apache\maven\plugins\maven-surefire-plugin\3.0.0\maven-surefire-plugin-3.0.0.jar;C:\Users\SCRIPTBEES\.m2\repository\org\apache\maven\surefire\maven-surefire-common\3.0.0\maven-surefire-common-3.0.0.jar;C:\Users\SCRIPTBEES\.m2\repository\org\apache\maven\surefire\surefire-api\3.0.0\surefire-api-3.0.0.jar;C:\Users\SCRIPTBEES\.m2\repository\org\apache\maven\surefire\surefire-logger-api\3.0.0\surefire-logger-api-3.0.0.jar;C:\Users\SCRIPTBEES\.m2\repository\org\apache\maven\surefire\surefire-extensions-api\3.0.0\surefire-extensions-api-3.0.0.jar;C:\Users\SCRIPTBEES\.m2\repository\org\apache\maven\surefire\surefire-booter\3.0.0\surefire-booter-3.0.0.jar;C:\Users\SCRIPTBEES\.m2\repository\org\apache\maven\surefire\surefire-extensions-spi\3.0.0\surefire-extensions-spi-3.0.0.jar;C:\Users\SCRIPTBEES\.m2\repository\org\eclipse\aether\aether-util\1.0.0.v20140518\aether-util-1.0.0.v20140518.jar;C:\Users\SCRIPTBEES\.m2\repository\org\eclipse\aether\aether-api\1.0.0.v20140518\aether-api-1.0.0.v20140518.jar;C:\Users\SCRIPTBEES\.m2\repository\org\apache\maven\shared\maven-common-artifact-filters\3.1.1\maven-common-artifact-filters-3.1.1.jar;C:\Users\SCRIPTBEES\.m2\repository\org\apache\maven\maven-artifact\3.1.0\maven-artifact-3.1.0.jar;C:\Users\SCRIPTBEES\.m2\repository\org\codehaus\plexus\plexus-utils\3.0.10\plexus-utils-3.0.10.jar;C:\Users\SCRIPTBEES\.m2\repository\org\apache\maven\maven-core\3.1.0\maven-core-3.1.0.jar;C:\Users\SCRIPTBEES\.m2\repository\org\apache\maven\maven-settings\3.1.0\maven-settings-3.1.0.jar;C:\Users\SCRIPTBEES\.m2\repository\org\apache\maven\maven-settings-builder\3.1.0\maven-settings-builder-3.1.0.jar;C:\Users\SCRIPTBEES\.m2\repository\org\apache\maven\maven-repository-metadata\3.1.0\maven-repository-metadata-3.1.0.jar;C:\Users\SCRIPTBEES\.m2\repository\org\apache\maven\maven-model-builder\3.1.0\maven-model-builder-3.1.0.jar;C:\Users\SCRIPTBEES\.m2\repository\org\apache\maven\maven-aether-provider\3.1.0\maven-aether-provider-3.1.0.jar;C:\Users\SCRIPTBEES\.m2\repository\org\eclipse\aether\aether-spi\0.9.0.M2\aether-spi-0.9.0.M2.jar;C:\Users\SCRIPTBEES\.m2\repository\org\eclipse\aether\aether-impl\0.9.0.M2\aether-impl-0.9.0.M2.jar;C:\Users\SCRIPTBEES\.m2\repository\org\eclipse\sisu\org.eclipse.sisu.plexus\0.0.0.M2a\org.eclipse.sisu.plexus-0.0.0.M2a.jar;C:\Users\SCRIPTBEES\.m2\repository\javax\enterprise\cdi-api\1.0\cdi-api-1.0.jar;C:\Users\SCRIPTBEES\.m2\repository\javax\annotation\jsr250-api\1.0\jsr250-api-1.0.jar;C:\Users\SCRIPTBEES\.m2\repository\javax\inject\javax.inject\1\javax.inject-1.jar;C:\Users\SCRIPTBEES\.m2\repository\org\sonatype\sisu\sisu-guice\3.1.0\sisu-guice-3.1.0-no_aop.jar;C:\Users\SCRIPTBEES\.m2\repository\aopalliance\aopalliance\1.0\aopalliance-1.0.jar;C:\Users\SCRIPTBEES\.m2\repository\org\eclipse\sisu\org.eclipse.sisu.inject\0.0.0.M2a\org.eclipse.sisu.inject-0.0.0.M2a.jar;C:\Users\SCRIPTBEES\.m2\repository\asm\asm\3.3.1\asm-3.3.1.jar;C:\Users\SCRIPTBEES\.m2\repository\org\codehaus\plexus\plexus-interpolation\1.16\plexus-interpolation-1.16.jar;C:\Users\SCRIPTBEES\.m2\repository\org\codehaus\plexus\plexus-classworlds\2.4.2\plexus-classworlds-2.4.2.jar;C:\Users\SCRIPTBEES\.m2\repository\org\codehaus\plexus\plexus-component-annotations\1.5.5\plexus-component-annotations-1.5.5.jar;C:\Users\SCRIPTBEES\.m2\repository\org\sonatype\plexus\plexus-sec-dispatcher\1.3\plexus-sec-dispatcher-1.3.jar;C:\Users\SCRIPTBEES\.m2\repository\org\sonatype\plexus\plexus-cipher\1.4\plexus-cipher-1.4.jar;C:\Users\SCRIPTBEES\.m2\repository\org\apache\maven\maven-plugin-api\3.1.0\maven-plugin-api-3.1.0.jar;C:\Users\SCRIPTBEES\.m2\repository\commons-io\commons-io\2.6\commons-io-2.6.jar;C:\Users\SCRIPTBEES\.m2\repository\org\codehaus\plexus\plexus-java\1.1.2\plexus-java-1.1.2.jar;C:\Users\SCRIPTBEES\.m2\repository\org\ow2\asm\asm\9.4\asm-9.4.jar;C:\Users\SCRIPTBEES\.m2\repository\com\thoughtworks\qdox\qdox\2.0.3\qdox-2.0.3.jar;C:\Users\SCRIPTBEES\.m2\repository\org\apache\maven\surefire\surefire-shared-utils\3.0.0\surefire-shared-utils-3.0.0.jar;C:\Users\SCRIPTBEES\.m2\repository\io\cucumber\cucumber-testng\7.20.1\cucumber-testng-7.20.1.jar;C:\Users\SCRIPTBEES\.m2\repository\org\testng\testng\7.10.2\testng-7.10.2.jar;C:\Users\SCRIPTBEES\.m2\repository\org\slf4j\slf4j-api\1.7.36\slf4j-api-1.7.36.jar;C:\Users\SCRIPTBEES\.m2\repository\com\beust\jcommander\1.82\jcommander-1.82.jar;C:\Users\SCRIPTBEES\.m2\repository\org\webjars\jquery\3.7.1\jquery-3.7.1.jar;C:\Users\SCRIPTBEES\.m2\repository\org\seleniumhq\selenium\selenium-java\4.26.0\selenium-java-4.26.0.jar;C:\Users\SCRIPTBEES\.m2\repository\org\seleniumhq\selenium\selenium-api\4.26.0\selenium-api-4.26.0.jar;C:\Users\SCRIPTBEES\.m2\repository\org\jspecify\jspecify\1.0.0\jspecify-1.0.0.jar;C:\Users\SCRIPTBEES\.m2\repository\org\seleniumhq\selenium\selenium-chrome-driver\4.26.0\selenium-chrome-driver-4.26.0.jar;C:\Users\SCRIPTBEES\.m2\repository\com\google\auto\service\auto-service-annotations\1.1.1\auto-service-annotations-1.1.1.jar;C:\Users\SCRIPTBEES\.m2\repository\org\seleniumhq\selenium\selenium-chromium-driver\4.26.0\selenium-chromium-driver-4.26.0.jar;C:\Users\SCRIPTBEES\.m2\repository\org\seleniumhq\selenium\selenium-json\4.26.0\selenium-json-4.26.0.jar;C:\Users\SCRIPTBEES\.m2\repository\org\seleniumhq\selenium\selenium-manager\4.26.0\selenium-manager-4.26.0.jar;C:\Users\SCRIPTBEES\.m2\repository\org\seleniumhq\selenium\selenium-devtools-v128\4.26.0\selenium-devtools-v128-4.26.0.jar;C:\Users\SCRIPTBEES\.m2\repository\org\seleniumhq\selenium\selenium-devtools-v129\4.26.0\selenium-devtools-v129-4.26.0.jar;C:\Users\SCRIPTBEES\.m2\repository\org\seleniumhq\selenium\selenium-devtools-v130\4.26.0\selenium-devtools-v130-4.26.0.jar;C:\Users\SCRIPTBEES\.m2\repository\org\seleniumhq\selenium\selenium-devtools-v85\4.26.0\selenium-devtools-v85-4.26.0.jar;C:\Users\SCRIPTBEES\.m2\repository\org\seleniumhq\selenium\selenium-edge-driver\4.26.0\selenium-edge-driver-4.26.0.jar;C:\Users\SCRIPTBEES\.m2\repository\org\seleniumhq\selenium\selenium-firefox-driver\4.26.0\selenium-firefox-driver-4.26.0.jar;C:\Users\SCRIPTBEES\.m2\repository\org\seleniumhq\selenium\selenium-http\4.26.0\selenium-http-4.26.0.jar;C:\Users\SCRIPTBEES\.m2\repository\dev\failsafe\failsafe\3.3.2\failsafe-3.3.2.jar;C:\Users\SCRIPTBEES\.m2\repository\org\seleniumhq\selenium\selenium-ie-driver\4.26.0\selenium-ie-driver-4.26.0.jar;C:\Users\SCRIPTBEES\.m2\repository\org\seleniumhq\selenium\selenium-remote-driver\4.26.0\selenium-remote-driver-4.26.0.jar;C:\Users\SCRIPTBEES\.m2\repository\com\google\guava\guava\33.3.1-jre\guava-33.3.1-jre.jar;C:\Users\SCRIPTBEES\.m2\repository\com\google\guava\failureaccess\1.0.2\failureaccess-1.0.2.jar;C:\Users\SCRIPTBEES\.m2\repository\com\google\guava\listenablefuture\9999.0-empty-to-avoid-conflict-with-guava\listenablefuture-9999.0-empty-to-avoid-conflict-with-guava.jar;C:\Users\SCRIPTBEES\.m2\repository\com\google\code\findbugs\jsr305\3.0.2\jsr305-3.0.2.jar;C:\Users\SCRIPTBEES\.m2\repository\org\checkerframework\checker-qual\3.43.0\checker-qual-3.43.0.jar;C:\Users\SCRIPTBEES\.m2\repository\com\google\errorprone\error_prone_annotations\2.28.0\error_prone_annotations-2.28.0.jar;C:\Users\SCRIPTBEES\.m2\repository\com\google\j2objc\j2objc-annotations\3.0.0\j2objc-annotations-3.0.0.jar;C:\Users\SCRIPTBEES\.m2\repository\io\opentelemetry\semconv\opentelemetry-semconv\1.25.0-alpha\opentelemetry-semconv-1.25.0-alpha.jar;C:\Users\SCRIPTBEES\.m2\repository\io\opentelemetry\opentelemetry-api\1.43.0\opentelemetry-api-1.43.0.jar;C:\Users\SCRIPTBEES\.m2\repository\io\opentelemetry\opentelemetry-context\1.43.0\opentelemetry-context-1.43.0.jar;C:\Users\SCRIPTBEES\.m2\repository\io\opentelemetry\opentelemetry-exporter-logging\1.43.0\opentelemetry-exporter-logging-1.43.0.jar;C:\Users\SCRIPTBEES\.m2\repository\io\opentelemetry\opentelemetry-sdk-common\1.43.0\opentelemetry-sdk-common-1.43.0.jar;C:\Users\SCRIPTBEES\.m2\repository\io\opentelemetry\opentelemetry-sdk-extension-autoconfigure-spi\1.43.0\opentelemetry-sdk-extension-autoconfigure-spi-1.43.0.jar;C:\Users\SCRIPTBEES\.m2\repository\io\opentelemetry\opentelemetry-sdk-extension-autoconfigure\1.43.0\opentelemetry-sdk-extension-autoconfigure-1.43.0.jar;C:\Users\SCRIPTBEES\.m2\repository\io\opentelemetry\opentelemetry-api-incubator\1.43.0-alpha\opentelemetry-api-incubator-1.43.0-alpha.jar;C:\Users\SCRIPTBEES\.m2\repository\io\opentelemetry\opentelemetry-sdk-trace\1.43.0\opentelemetry-sdk-trace-1.43.0.jar;C:\Users\SCRIPTBEES\.m2\repository\io\opentelemetry\opentelemetry-sdk\1.43.0\opentelemetry-sdk-1.43.0.jar;C:\Users\SCRIPTBEES\.m2\repository\io\opentelemetry\opentelemetry-sdk-metrics\1.43.0\opentelemetry-sdk-metrics-1.43.0.jar;C:\Users\SCRIPTBEES\.m2\repository\io\opentelemetry\opentelemetry-sdk-logs\1.43.0\opentelemetry-sdk-logs-1.43.0.jar;C:\Users\SCRIPTBEES\.m2\repository\net\bytebuddy\byte-buddy\1.15.7\byte-buddy-1.15.7.jar;C:\Users\SCRIPTBEES\.m2\repository\org\seleniumhq\selenium\selenium-os\4.26.0\selenium-os-4.26.0.jar;C:\Users\SCRIPTBEES\.m2\repository\org\apache\commons\commons-exec\1.4.0\commons-exec-1.4.0.jar;C:\Users\SCRIPTBEES\.m2\repository\org\seleniumhq\selenium\selenium-safari-driver\4.26.0\selenium-safari-driver-4.26.0.jar;C:\Users\SCRIPTBEES\.m2\repository\org\seleniumhq\selenium\selenium-support\4.26.0\selenium-support-4.26.0.jar;C:\Users\SCRIPTBEES\.m2\repository\io\cucumber\cucumber-junit\7.14.0\cucumber-junit-7.14.0.jar;C:\Users\SCRIPTBEES\.m2\repository\junit\junit\4.13.2\junit-4.13.2.jar;C:\Users\SCRIPTBEES\.m2\repository\org\hamcrest\hamcrest-core\1.3\hamcrest-core-1.3.jar;"/>
    <property name="java.vm.vendor" value="Oracle Corporation"/>
    <property name="sun.arch.data.model" value="64"/>
    <property name="user.variant" value=""/>
    <property name="java.vendor.url" value="https://java.oracle.com/"/>
    <property name="user.timezone" value="Asia/Calcutta"/>
    <property name="os.name" value="Windows 10"/>
    <property name="java.vm.specification.version" value="21"/>
    <property name="sun.java.launcher" value="SUN_STANDARD"/>
    <property name="user.country" value="IN"/>
    <property name="sun.boot.library.path" value="C:\Program Files\Java\jdk-21\bin"/>
    <property name="sun.java.command" value="C:\Users\SCRIPTBEES\AppData\Local\Temp\surefire8463915585492424687\surefirebooter-20241121174518485_3.jar C:\Users\SCRIPTBEES\AppData\Local\Temp\surefire8463915585492424687 2024-11-21T17-45-18_296-jvmRun1 surefire-20241121174518485_1tmp surefire_0-20241121174518485_2tmp"/>
    <property name="jdk.debug" value="release"/>
    <property name="surefire.test.class.path" value="C:\Users\SCRIPTBEES\git\CucumberNew\CucumberNew\target\test-classes;C:\Users\SCRIPTBEES\git\CucumberNew\CucumberNew\target\classes;C:\Users\SCRIPTBEES\.m2\repository\io\cucumber\cucumber-java\7.20.1\cucumber-java-7.20.1.jar;C:\Users\SCRIPTBEES\.m2\repository\io\cucumber\cucumber-core\7.20.1\cucumber-core-7.20.1.jar;C:\Users\SCRIPTBEES\.m2\repository\io\cucumber\cucumber-gherkin\7.20.1\cucumber-gherkin-7.20.1.jar;C:\Users\SCRIPTBEES\.m2\repository\io\cucumber\cucumber-gherkin-messages\7.20.1\cucumber-gherkin-messages-7.20.1.jar;C:\Users\SCRIPTBEES\.m2\repository\io\cucumber\gherkin\28.0.0\gherkin-28.0.0.jar;C:\Users\SCRIPTBEES\.m2\repository\io\cucumber\messages\24.1.0\messages-24.1.0.jar;C:\Users\SCRIPTBEES\.m2\repository\io\cucumber\testng-xml-formatter\0.2.0\testng-xml-formatter-0.2.0.jar;C:\Users\SCRIPTBEES\.m2\repository\io\cucumber\query\12.2.0\query-12.2.0.jar;C:\Users\SCRIPTBEES\.m2\repository\io\cucumber\tag-expressions\6.1.0\tag-expressions-6.1.0.jar;C:\Users\SCRIPTBEES\.m2\repository\io\cucumber\cucumber-expressions\17.1.0\cucumber-expressions-17.1.0.jar;C:\Users\SCRIPTBEES\.m2\repository\io\cucumber\datatable\7.20.1\datatable-7.20.1.jar;C:\Users\SCRIPTBEES\.m2\repository\io\cucumber\cucumber-plugin\7.20.1\cucumber-plugin-7.20.1.jar;C:\Users\SCRIPTBEES\.m2\repository\io\cucumber\docstring\7.20.1\docstring-7.20.1.jar;C:\Users\SCRIPTBEES\.m2\repository\io\cucumber\html-formatter\21.7.0\html-formatter-21.7.0.jar;C:\Users\SCRIPTBEES\.m2\repository\io\cucumber\junit-xml-formatter\0.5.0\junit-xml-formatter-0.5.0.jar;C:\Users\SCRIPTBEES\.m2\repository\io\cucumber\ci-environment\10.0.1\ci-environment-10.0.1.jar;C:\Users\SCRIPTBEES\.m2\repository\org\apiguardian\apiguardian-api\1.1.2\apiguardian-api-1.1.2.jar;C:\Users\SCRIPTBEES\.m2\repository\org\apache\maven\plugins\maven-surefire-plugin\3.0.0\maven-surefire-plugin-3.0.0.jar;C:\Users\SCRIPTBEES\.m2\repository\org\apache\maven\surefire\maven-surefire-common\3.0.0\maven-surefire-common-3.0.0.jar;C:\Users\SCRIPTBEES\.m2\repository\org\apache\maven\surefire\surefire-api\3.0.0\surefire-api-3.0.0.jar;C:\Users\SCRIPTBEES\.m2\repository\org\apache\maven\surefire\surefire-logger-api\3.0.0\surefire-logger-api-3.0.0.jar;C:\Users\SCRIPTBEES\.m2\repository\org\apache\maven\surefire\surefire-extensions-api\3.0.0\surefire-extensions-api-3.0.0.jar;C:\Users\SCRIPTBEES\.m2\repository\org\apache\maven\surefire\surefire-booter\3.0.0\surefire-booter-3.0.0.jar;C:\Users\SCRIPTBEES\.m2\repository\org\apache\maven\surefire\surefire-extensions-spi\3.0.0\surefire-extensions-spi-3.0.0.jar;C:\Users\SCRIPTBEES\.m2\repository\org\eclipse\aether\aether-util\1.0.0.v20140518\aether-util-1.0.0.v20140518.jar;C:\Users\SCRIPTBEES\.m2\repository\org\eclipse\aether\aether-api\1.0.0.v20140518\aether-api-1.0.0.v20140518.jar;C:\Users\SCRIPTBEES\.m2\repository\org\apache\maven\shared\maven-common-artifact-filters\3.1.1\maven-common-artifact-filters-3.1.1.jar;C:\Users\SCRIPTBEES\.m2\repository\org\apache\maven\maven-artifact\3.1.0\maven-artifact-3.1.0.jar;C:\Users\SCRIPTBEES\.m2\repository\org\codehaus\plexus\plexus-utils\3.0.10\plexus-utils-3.0.10.jar;C:\Users\SCRIPTBEES\.m2\repository\org\apache\maven\maven-core\3.1.0\maven-core-3.1.0.jar;C:\Users\SCRIPTBEES\.m2\repository\org\apache\maven\maven-settings\3.1.0\maven-settings-3.1.0.jar;C:\Users\SCRIPTBEES\.m2\repository\org\apache\maven\maven-settings-builder\3.1.0\maven-settings-builder-3.1.0.jar;C:\Users\SCRIPTBEES\.m2\repository\org\apache\maven\maven-repository-metadata\3.1.0\maven-repository-metadata-3.1.0.jar;C:\Users\SCRIPTBEES\.m2\repository\org\apache\maven\maven-model-builder\3.1.0\maven-model-builder-3.1.0.jar;C:\Users\SCRIPTBEES\.m2\repository\org\apache\maven\maven-aether-provider\3.1.0\maven-aether-provider-3.1.0.jar;C:\Users\SCRIPTBEES\.m2\repository\org\eclipse\aether\aether-spi\0.9.0.M2\aether-spi-0.9.0.M2.jar;C:\Users\SCRIPTBEES\.m2\repository\org\eclipse\aether\aether-impl\0.9.0.M2\aether-impl-0.9.0.M2.jar;C:\Users\SCRIPTBEES\.m2\repository\org\eclipse\sisu\org.eclipse.sisu.plexus\0.0.0.M2a\org.eclipse.sisu.plexus-0.0.0.M2a.jar;C:\Users\SCRIPTBEES\.m2\repository\javax\enterprise\cdi-api\1.0\cdi-api-1.0.jar;C:\Users\SCRIPTBEES\.m2\repository\javax\annotation\jsr250-api\1.0\jsr250-api-1.0.jar;C:\Users\SCRIPTBEES\.m2\repository\javax\inject\javax.inject\1\javax.inject-1.jar;C:\Users\SCRIPTBEES\.m2\repository\org\sonatype\sisu\sisu-guice\3.1.0\sisu-guice-3.1.0-no_aop.jar;C:\Users\SCRIPTBEES\.m2\repository\aopalliance\aopalliance\1.0\aopalliance-1.0.jar;C:\Users\SCRIPTBEES\.m2\repository\org\eclipse\sisu\org.eclipse.sisu.inject\0.0.0.M2a\org.eclipse.sisu.inject-0.0.0.M2a.jar;C:\Users\SCRIPTBEES\.m2\repository\asm\asm\3.3.1\asm-3.3.1.jar;C:\Users\SCRIPTBEES\.m2\repository\org\codehaus\plexus\plexus-interpolation\1.16\plexus-interpolation-1.16.jar;C:\Users\SCRIPTBEES\.m2\repository\org\codehaus\plexus\plexus-classworlds\2.4.2\plexus-classworlds-2.4.2.jar;C:\Users\SCRIPTBEES\.m2\repository\org\codehaus\plexus\plexus-component-annotations\1.5.5\plexus-component-annotations-1.5.5.jar;C:\Users\SCRIPTBEES\.m2\repository\org\sonatype\plexus\plexus-sec-dispatcher\1.3\plexus-sec-dispatcher-1.3.jar;C:\Users\SCRIPTBEES\.m2\repository\org\sonatype\plexus\plexus-cipher\1.4\plexus-cipher-1.4.jar;C:\Users\SCRIPTBEES\.m2\repository\org\apache\maven\maven-plugin-api\3.1.0\maven-plugin-api-3.1.0.jar;C:\Users\SCRIPTBEES\.m2\repository\commons-io\commons-io\2.6\commons-io-2.6.jar;C:\Users\SCRIPTBEES\.m2\repository\org\codehaus\plexus\plexus-java\1.1.2\plexus-java-1.1.2.jar;C:\Users\SCRIPTBEES\.m2\repository\org\ow2\asm\asm\9.4\asm-9.4.jar;C:\Users\SCRIPTBEES\.m2\repository\com\thoughtworks\qdox\qdox\2.0.3\qdox-2.0.3.jar;C:\Users\SCRIPTBEES\.m2\repository\org\apache\maven\surefire\surefire-shared-utils\3.0.0\surefire-shared-utils-3.0.0.jar;C:\Users\SCRIPTBEES\.m2\repository\io\cucumber\cucumber-testng\7.20.1\cucumber-testng-7.20.1.jar;C:\Users\SCRIPTBEES\.m2\repository\org\testng\testng\7.10.2\testng-7.10.2.jar;C:\Users\SCRIPTBEES\.m2\repository\org\slf4j\slf4j-api\1.7.36\slf4j-api-1.7.36.jar;C:\Users\SCRIPTBEES\.m2\repository\com\beust\jcommander\1.82\jcommander-1.82.jar;C:\Users\SCRIPTBEES\.m2\repository\org\webjars\jquery\3.7.1\jquery-3.7.1.jar;C:\Users\SCRIPTBEES\.m2\repository\org\seleniumhq\selenium\selenium-java\4.26.0\selenium-java-4.26.0.jar;C:\Users\SCRIPTBEES\.m2\repository\org\seleniumhq\selenium\selenium-api\4.26.0\selenium-api-4.26.0.jar;C:\Users\SCRIPTBEES\.m2\repository\org\jspecify\jspecify\1.0.0\jspecify-1.0.0.jar;C:\Users\SCRIPTBEES\.m2\repository\org\seleniumhq\selenium\selenium-chrome-driver\4.26.0\selenium-chrome-driver-4.26.0.jar;C:\Users\SCRIPTBEES\.m2\repository\com\google\auto\service\auto-service-annotations\1.1.1\auto-service-annotations-1.1.1.jar;C:\Users\SCRIPTBEES\.m2\repository\org\seleniumhq\selenium\selenium-chromium-driver\4.26.0\selenium-chromium-driver-4.26.0.jar;C:\Users\SCRIPTBEES\.m2\repository\org\seleniumhq\selenium\selenium-json\4.26.0\selenium-json-4.26.0.jar;C:\Users\SCRIPTBEES\.m2\repository\org\seleniumhq\selenium\selenium-manager\4.26.0\selenium-manager-4.26.0.jar;C:\Users\SCRIPTBEES\.m2\repository\org\seleniumhq\selenium\selenium-devtools-v128\4.26.0\selenium-devtools-v128-4.26.0.jar;C:\Users\SCRIPTBEES\.m2\repository\org\seleniumhq\selenium\selenium-devtools-v129\4.26.0\selenium-devtools-v129-4.26.0.jar;C:\Users\SCRIPTBEES\.m2\repository\org\seleniumhq\selenium\selenium-devtools-v130\4.26.0\selenium-devtools-v130-4.26.0.jar;C:\Users\SCRIPTBEES\.m2\repository\org\seleniumhq\selenium\selenium-devtools-v85\4.26.0\selenium-devtools-v85-4.26.0.jar;C:\Users\SCRIPTBEES\.m2\repository\org\seleniumhq\selenium\selenium-edge-driver\4.26.0\selenium-edge-driver-4.26.0.jar;C:\Users\SCRIPTBEES\.m2\repository\org\seleniumhq\selenium\selenium-firefox-driver\4.26.0\selenium-firefox-driver-4.26.0.jar;C:\Users\SCRIPTBEES\.m2\repository\org\seleniumhq\selenium\selenium-http\4.26.0\selenium-http-4.26.0.jar;C:\Users\SCRIPTBEES\.m2\repository\dev\failsafe\failsafe\3.3.2\failsafe-3.3.2.jar;C:\Users\SCRIPTBEES\.m2\repository\org\seleniumhq\selenium\selenium-ie-driver\4.26.0\selenium-ie-driver-4.26.0.jar;C:\Users\SCRIPTBEES\.m2\repository\org\seleniumhq\selenium\selenium-remote-driver\4.26.0\selenium-remote-driver-4.26.0.jar;C:\Users\SCRIPTBEES\.m2\repository\com\google\guava\guava\33.3.1-jre\guava-33.3.1-jre.jar;C:\Users\SCRIPTBEES\.m2\repository\com\google\guava\failureaccess\1.0.2\failureaccess-1.0.2.jar;C:\Users\SCRIPTBEES\.m2\repository\com\google\guava\listenablefuture\9999.0-empty-to-avoid-conflict-with-guava\listenablefuture-9999.0-empty-to-avoid-conflict-with-guava.jar;C:\Users\SCRIPTBEES\.m2\repository\com\google\code\findbugs\jsr305\3.0.2\jsr305-3.0.2.jar;C:\Users\SCRIPTBEES\.m2\repository\org\checkerframework\checker-qual\3.43.0\checker-qual-3.43.0.jar;C:\Users\SCRIPTBEES\.m2\repository\com\google\errorprone\error_prone_annotations\2.28.0\error_prone_annotations-2.28.0.jar;C:\Users\SCRIPTBEES\.m2\repository\com\google\j2objc\j2objc-annotations\3.0.0\j2objc-annotations-3.0.0.jar;C:\Users\SCRIPTBEES\.m2\repository\io\opentelemetry\semconv\opentelemetry-semconv\1.25.0-alpha\opentelemetry-semconv-1.25.0-alpha.jar;C:\Users\SCRIPTBEES\.m2\repository\io\opentelemetry\opentelemetry-api\1.43.0\opentelemetry-api-1.43.0.jar;C:\Users\SCRIPTBEES\.m2\repository\io\opentelemetry\opentelemetry-context\1.43.0\opentelemetry-context-1.43.0.jar;C:\Users\SCRIPTBEES\.m2\repository\io\opentelemetry\opentelemetry-exporter-logging\1.43.0\opentelemetry-exporter-logging-1.43.0.jar;C:\Users\SCRIPTBEES\.m2\repository\io\opentelemetry\opentelemetry-sdk-common\1.43.0\opentelemetry-sdk-common-1.43.0.jar;C:\Users\SCRIPTBEES\.m2\repository\io\opentelemetry\opentelemetry-sdk-extension-autoconfigure-spi\1.43.0\opentelemetry-sdk-extension-autoconfigure-spi-1.43.0.jar;C:\Users\SCRIPTBEES\.m2\repository\io\opentelemetry\opentelemetry-sdk-extension-autoconfigure\1.43.0\opentelemetry-sdk-extension-autoconfigure-1.43.0.jar;C:\Users\SCRIPTBEES\.m2\repository\io\opentelemetry\opentelemetry-api-incubator\1.43.0-alpha\opentelemetry-api-incubator-1.43.0-alpha.jar;C:\Users\SCRIPTBEES\.m2\repository\io\opentelemetry\opentelemetry-sdk-trace\1.43.0\opentelemetry-sdk-trace-1.43.0.jar;C:\Users\SCRIPTBEES\.m2\repository\io\opentelemetry\opentelemetry-sdk\1.43.0\opentelemetry-sdk-1.43.0.jar;C:\Users\SCRIPTBEES\.m2\repository\io\opentelemetry\opentelemetry-sdk-metrics\1.43.0\opentelemetry-sdk-metrics-1.43.0.jar;C:\Users\SCRIPTBEES\.m2\repository\io\opentelemetry\opentelemetry-sdk-logs\1.43.0\opentelemetry-sdk-logs-1.43.0.jar;C:\Users\SCRIPTBEES\.m2\repository\net\bytebuddy\byte-buddy\1.15.7\byte-buddy-1.15.7.jar;C:\Users\SCRIPTBEES\.m2\repository\org\seleniumhq\selenium\selenium-os\4.26.0\selenium-os-4.26.0.jar;C:\Users\SCRIPTBEES\.m2\repository\org\apache\commons\commons-exec\1.4.0\commons-exec-1.4.0.jar;C:\Users\SCRIPTBEES\.m2\repository\org\seleniumhq\selenium\selenium-safari-driver\4.26.0\selenium-safari-driver-4.26.0.jar;C:\Users\SCRIPTBEES\.m2\repository\org\seleniumhq\selenium\selenium-support\4.26.0\selenium-support-4.26.0.jar;C:\Users\SCRIPTBEES\.m2\repository\io\cucumber\cucumber-junit\7.14.0\cucumber-junit-7.14.0.jar;C:\Users\SCRIPTBEES\.m2\repository\junit\junit\4.13.2\junit-4.13.2.jar;C:\Users\SCRIPTBEES\.m2\repository\org\hamcrest\hamcrest-core\1.3\hamcrest-core-1.3.jar;"/>
    <property name="sun.cpu.endian" value="little"/>
    <property name="user.home" value="C:\Users\SCRIPTBEES"/>
    <property name="user.language" value="en"/>
    <property name="java.specification.vendor" value="Oracle Corporation"/>
    <property name="java.version.date" value="2024-10-15"/>
    <property name="java.home" value="C:\Program Files\Java\jdk-21"/>
    <property name="file.separator" value="\"/>
    <property name="basedir" value="C:\Users\SCRIPTBEES\git\CucumberNew\CucumberNew"/>
    <property name="style.color" value="always"/>
    <property name="java.vm.compressedOopsMode" value="Zero based"/>
    <property name="line.separator" value="&#10;"/>
    <property name="java.vm.specification.vendor" value="Oracle Corporation"/>
    <property name="java.specification.name" value="Java Platform API Specification"/>
    <property name="surefire.real.class.path" value="C:\Users\SCRIPTBEES\AppData\Local\Temp\surefire8463915585492424687\surefirebooter-20241121174518485_3.jar"/>
    <property name="user.script" value=""/>
    <property name="sun.management.compiler" value="HotSpot 64-Bit Tiered Compilers"/>
    <property name="java.runtime.version" value="21.0.5+9-LTS-239"/>
    <property name="user.name" value="SCRIPTBEES"/>
    <property name="stdout.encoding" value="Cp1252"/>
    <property name="path.separator" value=";"/>
    <property name="os.version" value="10.0"/>
    <property name="java.runtime.name" value="Java(TM) SE Runtime Environment"/>
    <property name="file.encoding" value="UTF-8"/>
    <property name="java.vm.name" value="Java HotSpot(TM) 64-Bit Server VM"/>
    <property name="localRepository" value="C:\Users\SCRIPTBEES\.m2\repository"/>
    <property name="java.vendor.url.bug" value="https://bugreport.java.com/bugreport/"/>
    <property name="java.io.tmpdir" value="C:\Users\SCRIPT~1\AppData\Local\Temp\"/>
    <property name="java.version" value="21.0.5"/>
    <property name="user.dir" value="C:\Users\SCRIPTBEES\git\CucumberNew\CucumberNew"/>
    <property name="os.arch" value="amd64"/>
    <property name="java.vm.specification.name" value="Java Virtual Machine Specification"/>
    <property name="sun.os.patch.level" value=""/>
    <property name="native.encoding" value="Cp1252"/>
    <property name="java.library.path" value="C:\Program Files\Java\jdk-21\bin;C:\Windows\Sun\Java\bin;C:\Windows\system32;C:\Windows;C:\Program Files\Common Files\Oracle\Java\javapath;C:\Windows\system32;C:\Windows;C:\Windows\System32\Wbem;C:\Windows\System32\WindowsPowerShell\v1.0\;C:\Windows\System32\OpenSSH\;C:\Program Files (x86)\Microsoft SQL Server\160\Tools\Binn\;C:\Program Files\Microsoft SQL Server\160\Tools\Binn\;C:\Program Files\Microsoft SQL Server\Client SDK\ODBC\170\Tools\Binn\;C:\Program Files\Microsoft SQL Server\160\DTS\Binn\;C:\Program Files (x86)\Microsoft SQL Server\160\DTS\Binn\;C:\Program Files\nodejs\;C:\Program Files\jvm\jdk-17.0.13+11\bin;C:\Program Files\maven\apache-maven-3.9.9\bin;C:\Users\SCRIPTBEES\AppData\Local\Microsoft\WindowsApps;C:\Users\SCRIPTBEES\AppData\Roaming\npm;C:\Users\SCRIPTBEES\AppData\Local\Programs\Microsoft VS Code\bin;."/>
    <property name="java.vm.info" value="mixed mode, sharing"/>
    <property name="stderr.encoding" value="Cp1252"/>
    <property name="java.vendor" value="Oracle Corporation"/>
    <property name="java.vm.version" value="21.0.5+9-LTS-239"/>
    <property name="sun.io.unicode.encoding" value="UnicodeLittle"/>
    <property name="java.class.version" value="65.0"/>
  </properties>
  <testcase name="runScenario[&quot;PF Check login with valid creds&quot;, &quot;Page Factory Login functionality&quot;](1)" classname="TestRunner.CucumberTestRunner" time="3.387">
    <system-out><![CDATA[
Scenario Outline: PF Check login with valid creds              # src/test/resources/Features/PFlogin2.feature:12
  Given pF user is on login page                               # StepDefinitions.pageFactory.p_f_user_is_on_login_page()
  When pF user enters valid "standard_user" and "secret_sauce" # StepDefinitions.pageFactory.p_f_user_enters_valid_and(java.lang.String,java.lang.String)
  And pF clickss on login button                               # StepDefinitions.pageFactory.p_f_clickss_on_login_button()
  Then pF userr navigated to home                              # StepDefinitions.pageFactory.p_f_userr_navigated_to_home()
]]></system-out>
    <system-err><![CDATA[SLF4J: Failed to load class "org.slf4j.impl.StaticLoggerBinder".
SLF4J: Defaulting to no-operation (NOP) logger implementation
SLF4J: See http://www.slf4j.org/codes.html#StaticLoggerBinder for further details.
Nov 21, 2024 5:45:22 PM org.openqa.selenium.devtools.CdpVersionFinder findNearestMatch
WARNING: Unable to find an exact match for CDP version 131, returning the closest version; found: 130; Please update to a Selenium version that supports CDP version 131
]]></system-err>
  </testcase>
  <testcase name="runScenario[&quot;PF Check login with valid creds&quot;, &quot;Page Factory Login functionality&quot;](2)" classname="TestRunner.CucumberTestRunner" time="2.994">
    <system-out><![CDATA[
Scenario Outline: PF Check login with valid creds                # src/test/resources/Features/PFlogin2.feature:13
  Given pF user is on login page                                 # StepDefinitions.pageFactory.p_f_user_is_on_login_page()
  When pF user enters valid "locked_out_user" and "secret_sauce" # StepDefinitions.pageFactory.p_f_user_enters_valid_and(java.lang.String,java.lang.String)
  And pF clickss on login button                                 # StepDefinitions.pageFactory.p_f_clickss_on_login_button()
  Then pF userr navigated to home                                # StepDefinitions.pageFactory.p_f_userr_navigated_to_home()
]]></system-out>
    <system-err><![CDATA[Nov 21, 2024 5:45:25 PM org.openqa.selenium.devtools.CdpVersionFinder findNearestMatch
WARNING: Unable to find an exact match for CDP version 131, returning the closest version; found: 130; Please update to a Selenium version that supports CDP version 131
]]></system-err>
  </testcase>
  <testcase name="runScenario[&quot;Check login with entering valid creds manually&quot;, &quot;Login functionality&quot;](3)" classname="TestRunner.CucumberTestRunner" time="3.561">
    <system-out><![CDATA[
Scenario: Check login with entering valid creds manually # src/test/resources/Features/login.feature:5
  Given user is on the login page                        # StepDefinitions.LoginSteps.user_is_on_the_login_page()
  When user enters valid uname and password              # StepDefinitions.LoginSteps.user_enters_valid_uname_and_password()
  And clicks on login button                             # StepDefinitions.LoginSteps.clicks_on_login_button()
  Then user navigated to home page                       # StepDefinitions.LoginSteps.user_navigated_to_home_page()
]]></system-out>
    <system-err><![CDATA[Nov 21, 2024 5:45:28 PM org.openqa.selenium.devtools.CdpVersionFinder findNearestMatch
WARNING: Unable to find an exact match for CDP version 131, returning the closest version; found: 130; Please update to a Selenium version that supports CDP version 131
]]></system-err>
  </testcase>
  <testcase name="runScenario[&quot;Check login with valid creds with parameterization&quot;, &quot;Login functionality&quot;](4)" classname="TestRunner.CucumberTestRunner" time="2.819">
    <system-out><![CDATA[
Scenario Outline: Check login with valid creds with parameterization # src/test/resources/Features/login.feature:22
  Given userr is on login page                                       # StepDefinitions.LoginParameterization.user_is_on_login_page()
  When userr enters valid "standard_user" and "secret_sauce"         # StepDefinitions.LoginParameterization.user_enters_valid_and(java.lang.String,java.lang.String)
  And clickss on login button                                        # StepDefinitions.LoginParameterization.clicks_on_login_button()
  Then userr navigated to home page                                  # StepDefinitions.LoginParameterization.user_navigated_to_home_page()
]]></system-out>
    <system-err><![CDATA[Nov 21, 2024 5:45:31 PM org.openqa.selenium.devtools.CdpVersionFinder findNearestMatch
WARNING: Unable to find an exact match for CDP version 131, returning the closest version; found: 130; Please update to a Selenium version that supports CDP version 131
]]></system-err>
  </testcase>
  <testcase name="runScenario[&quot;Check login with valid creds with parameterization&quot;, &quot;Login functionality&quot;](5)" classname="TestRunner.CucumberTestRunner" time="2.838">
    <system-out><![CDATA[
Scenario Outline: Check login with valid creds with parameterization # src/test/resources/Features/login.feature:23
  Given userr is on login page                                       # StepDefinitions.LoginParameterization.user_is_on_login_page()
  When userr enters valid "locked_out_user" and "secret_sauce"       # StepDefinitions.LoginParameterization.user_enters_valid_and(java.lang.String,java.lang.String)
  And clickss on login button                                        # StepDefinitions.LoginParameterization.clicks_on_login_button()
  Then userr navigated to home page                                  # StepDefinitions.LoginParameterization.user_navigated_to_home_page()
]]></system-out>
    <system-err><![CDATA[Nov 21, 2024 5:45:34 PM org.openqa.selenium.devtools.CdpVersionFinder findNearestMatch
WARNING: Unable to find an exact match for CDP version 131, returning the closest version; found: 130; Please update to a Selenium version that supports CDP version 131
]]></system-err>
  </testcase>
  <testcase name="runScenario[&quot;Check login with valid creds with parameterization&quot;, &quot;Login functionality&quot;](6)" classname="TestRunner.CucumberTestRunner" time="2.759">
    <system-out><![CDATA[
Scenario Outline: Check login with valid creds with parameterization # src/test/resources/Features/login.feature:24
  Given userr is on login page                                       # StepDefinitions.LoginParameterization.user_is_on_login_page()
  When userr enters valid "problem_user" and "secret_sauce"          # StepDefinitions.LoginParameterization.user_enters_valid_and(java.lang.String,java.lang.String)
  And clickss on login button                                        # StepDefinitions.LoginParameterization.clicks_on_login_button()
  Then userr navigated to home page                                  # StepDefinitions.LoginParameterization.user_navigated_to_home_page()
]]></system-out>
    <system-err><![CDATA[Nov 21, 2024 5:45:37 PM org.openqa.selenium.devtools.CdpVersionFinder findNearestMatch
WARNING: Unable to find an exact match for CDP version 131, returning the closest version; found: 130; Please update to a Selenium version that supports CDP version 131
]]></system-err>
  </testcase>
  <testcase name="runScenario[&quot;Check login with valid creds with parameterization&quot;, &quot;Login functionality&quot;](7)" classname="TestRunner.CucumberTestRunner" time="8.058">
    <system-out><![CDATA[
Scenario Outline: Check login with valid creds with parameterization   # src/test/resources/Features/login.feature:25
  Given userr is on login page                                         # StepDefinitions.LoginParameterization.user_is_on_login_page()
  When userr enters valid "performance_glitch_user" and "secret_sauce" # StepDefinitions.LoginParameterization.user_enters_valid_and(java.lang.String,java.lang.String)
  And clickss on login button                                          # StepDefinitions.LoginParameterization.clicks_on_login_button()
  Then userr navigated to home page                                    # StepDefinitions.LoginParameterization.user_navigated_to_home_page()
]]></system-out>
    <system-err><![CDATA[Nov 21, 2024 5:45:40 PM org.openqa.selenium.devtools.CdpVersionFinder findNearestMatch
WARNING: Unable to find an exact match for CDP version 131, returning the closest version; found: 130; Please update to a Selenium version that supports CDP version 131
]]></system-err>
  </testcase>
  <testcase name="runScenario[&quot;POM-Check login with valid creds&quot;, &quot;Login functionality from POM&quot;](8)" classname="TestRunner.CucumberTestRunner" time="2.564">
    <system-out><![CDATA[
Scenario Outline: POM-Check login with valid creds              # src/test/resources/Features/pom_login.feature:11
  Given pom user is on login page                               # StepDefinitions.Pom_Login.pom_user_is_on_login_page()
  When pom user enters valid "standard_user" and "secret_sauce" # StepDefinitions.Pom_Login.pom_user_enters_valid_and(java.lang.String,java.lang.String)
  And pom clickss on login button                               # StepDefinitions.Pom_Login.pom_clickss_on_login_button()
  Then pom userr navigated to home                              # StepDefinitions.Pom_Login.pom_userr_navigated_to_home()
]]></system-out>
    <system-err><![CDATA[Nov 21, 2024 5:45:48 PM org.openqa.selenium.devtools.CdpVersionFinder findNearestMatch
WARNING: Unable to find an exact match for CDP version 131, returning the closest version; found: 130; Please update to a Selenium version that supports CDP version 131
]]></system-err>
  </testcase>
  <testcase name="runScenario[&quot;POM-Check login with valid creds&quot;, &quot;Login functionality from POM&quot;](9)" classname="TestRunner.CucumberTestRunner" time="2.441">
    <system-out><![CDATA[
Scenario Outline: POM-Check login with valid creds                # src/test/resources/Features/pom_login.feature:12
  Given pom user is on login page                                 # StepDefinitions.Pom_Login.pom_user_is_on_login_page()
  When pom user enters valid "locked_out_user" and "secret_sauce" # StepDefinitions.Pom_Login.pom_user_enters_valid_and(java.lang.String,java.lang.String)
  And pom clickss on login button                                 # StepDefinitions.Pom_Login.pom_clickss_on_login_button()
  Then pom userr navigated to home                                # StepDefinitions.Pom_Login.pom_userr_navigated_to_home()
]]></system-out>
    <system-err><![CDATA[Nov 21, 2024 5:45:51 PM org.openqa.selenium.devtools.CdpVersionFinder findNearestMatch
WARNING: Unable to find an exact match for CDP version 131, returning the closest version; found: 130; Please update to a Selenium version that supports CDP version 131
]]></system-err>
  </testcase>
  <testcase name="runScenario[&quot;POM-Check login with valid creds&quot;, &quot;Login functionality from POM&quot;](10)" classname="TestRunner.CucumberTestRunner" time="2.939">
    <system-out><![CDATA[
Scenario Outline: POM-Check login with valid creds             # src/test/resources/Features/pom_login.feature:13
  Given pom user is on login page                              # StepDefinitions.Pom_Login.pom_user_is_on_login_page()
  When pom user enters valid "problem_user" and "secret_sauce" # StepDefinitions.Pom_Login.pom_user_enters_valid_and(java.lang.String,java.lang.String)
  And pom clickss on login button                              # StepDefinitions.Pom_Login.pom_clickss_on_login_button()
  Then pom userr navigated to home                             # StepDefinitions.Pom_Login.pom_userr_navigated_to_home()
]]></system-out>
    <system-err><![CDATA[Nov 21, 2024 5:45:53 PM org.openqa.selenium.devtools.CdpVersionFinder findNearestMatch
WARNING: Unable to find an exact match for CDP version 131, returning the closest version; found: 130; Please update to a Selenium version that supports CDP version 131
]]></system-err>
  </testcase>
  <testcase name="runScenario[&quot;POM-Check login with valid creds&quot;, &quot;Login functionality from POM&quot;](11)" classname="TestRunner.CucumberTestRunner" time="8.176">
    <system-out><![CDATA[
Scenario Outline: POM-Check login with valid creds                        # src/test/resources/Features/pom_login.feature:14
  Given pom user is on login page                                         # StepDefinitions.Pom_Login.pom_user_is_on_login_page()
  When pom user enters valid "performance_glitch_user" and "secret_sauce" # StepDefinitions.Pom_Login.pom_user_enters_valid_and(java.lang.String,java.lang.String)
  And pom clickss on login button                                         # StepDefinitions.Pom_Login.pom_clickss_on_login_button()
  Then pom userr navigated to home                                        # StepDefinitions.Pom_Login.pom_userr_navigated_to_home()
]]></system-out>
    <system-err><![CDATA[Nov 21, 2024 5:45:56 PM org.openqa.selenium.devtools.CdpVersionFinder findNearestMatch
WARNING: Unable to find an exact match for CDP version 131, returning the closest version; found: 130; Please update to a Selenium version that supports CDP version 131
]]></system-err>
  </testcase>
  <testcase name="runScenario[&quot;POM-Check login with valid creds&quot;, &quot;Login functionality from POM&quot;](12)" classname="TestRunner.CucumberTestRunner" time="2.601">
    <system-out><![CDATA[
Scenario Outline: POM-Check login with valid creds              # src/test/resources/Features/pom_login2.feature:11
  Given pom user is on login page                               # StepDefinitions.Pom_Login.pom_user_is_on_login_page()
  When pom user enters valid "standard_user" and "secret_sauce" # StepDefinitions.Pom_Login.pom_user_enters_valid_and(java.lang.String,java.lang.String)
  And pom clickss on login button                               # StepDefinitions.Pom_Login.pom_clickss_on_login_button()
  Then pom userr navigated to home                              # StepDefinitions.Pom_Login.pom_userr_navigated_to_home()
]]></system-out>
    <system-err><![CDATA[Nov 21, 2024 5:46:04 PM org.openqa.selenium.devtools.CdpVersionFinder findNearestMatch
WARNING: Unable to find an exact match for CDP version 131, returning the closest version; found: 130; Please update to a Selenium version that supports CDP version 131
]]></system-err>
  </testcase>
  <testcase name="runScenario[&quot;POM-Check login with valid creds&quot;, &quot;Login functionality from POM&quot;](13)" classname="TestRunner.CucumberTestRunner" time="2.482">
    <system-out><![CDATA[
Scenario Outline: POM-Check login with valid creds                # src/test/resources/Features/pom_login2.feature:12
  Given pom user is on login page                                 # StepDefinitions.Pom_Login.pom_user_is_on_login_page()
  When pom user enters valid "locked_out_user" and "secret_sauce" # StepDefinitions.Pom_Login.pom_user_enters_valid_and(java.lang.String,java.lang.String)
  And pom clickss on login button                                 # StepDefinitions.Pom_Login.pom_clickss_on_login_button()
  Then pom userr navigated to home                                # StepDefinitions.Pom_Login.pom_userr_navigated_to_home()
]]></system-out>
    <system-err><![CDATA[Nov 21, 2024 5:46:07 PM org.openqa.selenium.devtools.CdpVersionFinder findNearestMatch
WARNING: Unable to find an exact match for CDP version 131, returning the closest version; found: 130; Please update to a Selenium version that supports CDP version 131
]]></system-err>
  </testcase>
  <testcase name="runScenario[&quot;POM-Check login with valid creds&quot;, &quot;Login functionality from POM&quot;](14)" classname="TestRunner.CucumberTestRunner" time="2.882">
    <system-out><![CDATA[
Scenario Outline: POM-Check login with valid creds             # src/test/resources/Features/pom_login2.feature:13
  Given pom user is on login page                              # StepDefinitions.Pom_Login.pom_user_is_on_login_page()
  When pom user enters valid "problem_user" and "secret_sauce" # StepDefinitions.Pom_Login.pom_user_enters_valid_and(java.lang.String,java.lang.String)
  And pom clickss on login button                              # StepDefinitions.Pom_Login.pom_clickss_on_login_button()
  Then pom userr navigated to home                             # StepDefinitions.Pom_Login.pom_userr_navigated_to_home()
]]></system-out>
    <system-err><![CDATA[Nov 21, 2024 5:46:09 PM org.openqa.selenium.devtools.CdpVersionFinder findNearestMatch
WARNING: Unable to find an exact match for CDP version 131, returning the closest version; found: 130; Please update to a Selenium version that supports CDP version 131
]]></system-err>
  </testcase>
  <testcase name="runScenario[&quot;POM-Check login with valid creds&quot;, &quot;Login functionality from POM&quot;](15)" classname="TestRunner.CucumberTestRunner" time="8.178">
    <system-out><![CDATA[
Scenario Outline: POM-Check login with valid creds                        # src/test/resources/Features/pom_login2.feature:14
  Given pom user is on login page                                         # StepDefinitions.Pom_Login.pom_user_is_on_login_page()
  When pom user enters valid "performance_glitch_user" and "secret_sauce" # StepDefinitions.Pom_Login.pom_user_enters_valid_and(java.lang.String,java.lang.String)
  And pom clickss on login button                                         # StepDefinitions.Pom_Login.pom_clickss_on_login_button()
  Then pom userr navigated to home                                        # StepDefinitions.Pom_Login.pom_userr_navigated_to_home()
]]></system-out>
    <system-err><![CDATA[Nov 21, 2024 5:46:12 PM org.openqa.selenium.devtools.CdpVersionFinder findNearestMatch
WARNING: Unable to find an exact match for CDP version 131, returning the closest version; found: 130; Please update to a Selenium version that supports CDP version 131
]]></system-err>
  </testcase>
</testsuite>