<?xml version="1.0" encoding="UTF-8"?>
<!-- Generated by org.testng.reporters.JUnitReportReporter -->
<testsuite hostname="DESKTOP-R3RDTF2" failures="0" tests="15" name="TestRunner.CucumberTestRunner" time="58.688" errors="0" timestamp="2024-11-21T17:46:19 IST" skipped="0">
  <testcase classname="TestRunner.CucumberTestRunner" name="runScenario" time="2.839"/>
  <testcase classname="TestRunner.CucumberTestRunner" name="runScenario" time="3.386"/>
  <testcase classname="TestRunner.CucumberTestRunner" name="runScenario" time="2.758"/>
  <testcase classname="TestRunner.CucumberTestRunner" name="runScenario" time="2.993"/>
  <testcase classname="TestRunner.CucumberTestRunner" name="runScenario" time="2.941"/>
  <testcase classname="TestRunner.CucumberTestRunner" name="runScenario" time="8.176"/>
  <testcase classname="TestRunner.CucumberTestRunner" name="runScenario" time="2.882"/>
  <testcase classname="TestRunner.CucumberTestRunner" name="runScenario" time="2.447"/>
  <testcase classname="TestRunner.CucumberTestRunner" name="runScenario" time="2.601"/>
  <testcase classname="TestRunner.CucumberTestRunner" name="runScenario" time="8.179"/>
  <testcase classname="TestRunner.CucumberTestRunner" name="runScenario" time="8.056"/>
  <testcase classname="TestRunner.CucumberTestRunner" name="runScenario" time="2.482"/>
  <testcase classname="TestRunner.CucumberTestRunner" name="runScenario" time="2.564"/>
  <testcase classname="TestRunner.CucumberTestRunner" name="runScenario" time="2.822"/>
  <testcase classname="TestRunner.CucumberTestRunner" name="runScenario" time="3.562"/>
</testsuite> <!-- TestRunner.CucumberTestRunner -->
